<html>
<body>
<pre>
<h1>µVision Build Log</h1>
<h2>Tool Versions:</h2>
IDE-Version: ¦ÌVision V5.28.0.0
Copyright (C) 2019 ARM Ltd and ARM Germany GmbH. All rights reserved.
License Information: link master, hit, LIC=7YKKP-M0AMI-FZCWU-SEM58-T65J3-WSQM7
 
Tool Versions:
Toolchain:       MDK-ARM Professional  Version: 5.28.0.0
Toolchain Path:  D:\keil5\ARM\ARMCC\Bin
C Compiler:      Armcc.exe V5.06 update 6 (build 750)
Assembler:       Armasm.exe V5.06 update 6 (build 750)
Linker/Locator:  ArmLink.exe V5.06 update 6 (build 750)
Library Manager: ArmAr.exe V5.06 update 6 (build 750)
Hex Converter:   FromElf.exe V5.06 update 6 (build 750)
CPU DLL:         SARMCM3.DLL V5.28.0.0
Dialog DLL:      DCM.DLL V1.17.3.0
Target DLL:      CMSIS_AGDI.dll V1.31.18.0
Dialog DLL:      TCM.DLL V1.36.2.0
 
<h2>Project:</h2>
C:\Users\24066\Desktop\STM32\Sentry2023\Chassis_2023\USER\Main_Control.uvprojx
Project File Date:  11/25/2022

<h2>Output:</h2>
*** Using Compiler 'V5.06 update 6 (build 750)', folder: 'D:\keil5\ARM\ARMCC\Bin'
Rebuild target 'Target 1'
compiling os.c...
..\File\USER\os.c(49): error:  #29: expected an expression
  };
..\File\USER\os.c(43): error:  #1514: an empty initializer is invalid for an array with unspecified bound
  ST_TAST G_ST_Task[] =
..\File\USER\os.c: 0 warnings, 2 errors
compiling usart.c...
..\File\RM_Types\rm_communicate_types.h(23): warning:  #1-D: last line of file ends without a newline
  #endif
..\File\BSP\usart.c(133): error:  #20: identifier "cushioning" is undefined
  		DMA_InitStructure.DMA_Memory0BaseAddr=(u32)(&cushioning);
..\File\BSP\usart.c(154): error:  #20: identifier "SendBuf" is undefined
  		DMA_InitStructure.DMA_Memory0BaseAddr=(u32)(&SendBuf);
..\File\BSP\usart.c(155): error:  #20: identifier "USART2_DMA" is undefined
  		DMA_InitStructure.DMA_BufferSize=(u32)(sizeof(USART2_DMA));
..\File\BSP\usart.c(217): error:  #20: identifier "cushioning" is undefined
  		DMA_InitStructure.DMA_Memory0BaseAddr=(u32)(&cushioning);
..\File\BSP\usart.c(238): error:  #20: identifier "SendBuf" is undefined
  		DMA_InitStructure.DMA_Memory0BaseAddr=(u32)(&SendBuf);
..\File\BSP\usart.c(239): error:  #20: identifier "USART2_DMA" is undefined
  		DMA_InitStructure.DMA_BufferSize=(u32)(sizeof(USART2_DMA));
..\File\BSP\usart.c(301): error:  #20: identifier "cushioning" is undefined
  		DMA_InitStructure.DMA_Memory0BaseAddr=(u32)(&cushioning);
..\File\BSP\usart.c(322): error:  #20: identifier "SendBuf" is undefined
  		DMA_InitStructure.DMA_Memory0BaseAddr=(u32)(&SendBuf);
..\File\BSP\usart.c(323): error:  #20: identifier "USART2_DMA" is undefined
  		DMA_InitStructure.DMA_BufferSize=(u32)(sizeof(USART2_DMA));
..\File\BSP\usart.c(388): error:  #20: identifier "cushioning" is undefined
  		DMA_InitStructure.DMA_Memory0BaseAddr=(u32)(&cushioning);
..\File\BSP\usart.c(409): error:  #20: identifier "SendBuf" is undefined
  		DMA_InitStructure.DMA_Memory0BaseAddr=(u32)(&SendBuf);
..\File\BSP\usart.c(410): error:  #20: identifier "USART2_DMA" is undefined
  		DMA_InitStructure.DMA_BufferSize=(u32)(sizeof(USART2_DMA));
..\File\BSP\usart.c(472): error:  #20: identifier "cushioning" is undefined
  		DMA_InitStructure.DMA_Memory0BaseAddr=(u32)(&cushioning);
..\File\BSP\usart.c(493): error:  #20: identifier "SendBuf" is undefined
  		DMA_InitStructure.DMA_Memory0BaseAddr=(u32)(&SendBuf);
..\File\BSP\usart.c(494): error:  #20: identifier "USART2_DMA" is undefined
  		DMA_InitStructure.DMA_BufferSize=(u32)(sizeof(USART2_DMA));
..\File\BSP\usart.c: 1 warning, 15 errors
compiling nvic.c...
compiling global_declare.c...
compiling bsp_init.c...
compiling tim.c...
assembling startup_stm32f40_41xxx.s...
compiling system_stm32f4xx.c...
compiling delay.c...
compiling main.c...
compiling can.c...
compiling stm32f4xx_it.c...
compiling misc.c...
compiling stm32f4xx_crc.c...
compiling stm32f4xx_dbgmcu.c...
compiling stm32f4xx_cryp_des.c...
compiling stm32f4xx_adc.c...
compiling stm32f4xx_cryp_tdes.c...
compiling stm32f4xx_dac.c...
compiling stm32f4xx_cryp.c...
compiling stm32f4xx_can.c...
compiling stm32f4xx_dcmi.c...
compiling stm32f4xx_cryp_aes.c...
compiling stm32f4xx_dma.c...
compiling stm32f4xx_exti.c...
compiling stm32f4xx_dma2d.c...
compiling stm32f4xx_hash.c...
compiling stm32f4xx_i2c.c...
compiling stm32f4xx_flash_ramfunc.c...
compiling stm32f4xx_fsmc.c...
compiling stm32f4xx_hash_md5.c...
compiling stm32f4xx_flash.c...
compiling stm32f4xx_hash_sha1.c...
compiling stm32f4xx_gpio.c...
compiling stm32f4xx_iwdg.c...
compiling stm32f4xx_sai.c...
compiling stm32f4xx_pwr.c...
compiling stm32f4xx_syscfg.c...
compiling stm32f4xx_rng.c...
compiling stm32f4xx_usart.c...
compiling stm32f4xx_spi.c...
compiling stm32f4xx_sdio.c...
compiling stm32f4xx_rcc.c...
compiling stm32f4xx_ltdc.c...
compiling stm32f4xx_rtc.c...
compiling stm32f4xx_tim.c...
compiling stm32f4xx_wwdg.c...
".\OBJ\TEST.axf" - 17 Error(s), 1 Warning(s).

<h2>Software Packages used:</h2>

Package Vendor: Keil
                http://www.keil.com/pack/Keil.STM32F4xx_DFP.2.16.0.pack
                Keil.STM32F4xx_DFP.2.16.0
                STMicroelectronics STM32F4 Series Device Support, Drivers and Examples

<h2>Collection of Component include folders:</h2>
  .\RTE\_Target_1
  C:\Users\24066\AppData\Local\Arm\Packs\Keil\STM32F4xx_DFP\2.16.0\Drivers\CMSIS\Device\ST\STM32F4xx\Include

<h2>Collection of Component Files used:</h2>
Target not created.
Build Time Elapsed:  00:00:03
</pre>
</body>
</html>
